0 info it worked if it ends with ok
1 verbose cli [ '/Users/lifan/.nvm/versions/node/v6.9.5/bin/node',
1 verbose cli   '/Users/lifan/.nvm/versions/node/v6.9.5/bin/npm',
1 verbose cli   'install',
1 verbose cli   'webworker-threads' ]
2 info using npm@3.10.10
3 info using node@v6.9.5
4 silly loadCurrentTree Starting
5 silly install loadCurrentTree
6 silly install readLocalPackageData
7 silly fetchPackageMetaData webworker-threads
8 silly fetchNamedPackageData webworker-threads
9 silly mapToRegistry name webworker-threads
10 silly mapToRegistry using default registry
11 silly mapToRegistry registry http://r.npm.sankuai.com/
12 silly mapToRegistry data Result {
12 silly mapToRegistry   raw: 'webworker-threads',
12 silly mapToRegistry   scope: null,
12 silly mapToRegistry   escapedName: 'webworker-threads',
12 silly mapToRegistry   name: 'webworker-threads',
12 silly mapToRegistry   rawSpec: '',
12 silly mapToRegistry   spec: 'latest',
12 silly mapToRegistry   type: 'tag' }
13 silly mapToRegistry uri http://r.npm.sankuai.com/webworker-threads
14 verbose request uri http://r.npm.sankuai.com/webworker-threads
15 verbose request no auth needed
16 info attempt registry request try #1 at 15:20:44
17 verbose request id 8a25add15e32e62b
18 verbose etag W/"2624d-lsDH7euorR+OCC5eVF5TYAnxxyI"
19 http request GET http://r.npm.sankuai.com/webworker-threads
20 http 304 http://r.npm.sankuai.com/webworker-threads
21 verbose headers { server: 'openresty',
21 verbose headers   date: 'Sun, 19 Jan 2020 07:20:44 GMT',
21 verbose headers   connection: 'keep-alive',
21 verbose headers   'x-current-requests': '1',
21 verbose headers   vary: 'Origin',
21 verbose headers   etag: '"2624d-lsDH7euorR+OCC5eVF5TYAnxxyI"',
21 verbose headers   'x-readtime': '56' }
22 silly get cb [ 304,
22 silly get   { server: 'openresty',
22 silly get     date: 'Sun, 19 Jan 2020 07:20:44 GMT',
22 silly get     connection: 'keep-alive',
22 silly get     'x-current-requests': '1',
22 silly get     vary: 'Origin',
22 silly get     etag: '"2624d-lsDH7euorR+OCC5eVF5TYAnxxyI"',
22 silly get     'x-readtime': '56' } ]
23 verbose etag http://r.npm.sankuai.com/webworker-threads from cache
24 verbose get saving webworker-threads to /Users/lifan/.npm/r.npm.sankuai.com/webworker-threads/.cache.json
25 verbose correctMkdir /Users/lifan/.npm correctMkdir not in flight; initializing
26 silly install normalizeTree
27 silly loadCurrentTree Finishing
28 silly loadIdealTree Starting
29 silly install loadIdealTree
30 silly cloneCurrentTree Starting
31 silly install cloneCurrentTreeToIdealTree
32 silly cloneCurrentTree Finishing
33 silly loadShrinkwrap Starting
34 silly install loadShrinkwrap
35 silly loadShrinkwrap Finishing
36 silly loadAllDepsIntoIdealTree Starting
37 silly install loadAllDepsIntoIdealTree
38 silly resolveWithNewModule webworker-threads@0.7.17 checking installable status
39 silly cache add args [ 'webworker-threads', null ]
40 verbose cache add spec webworker-threads
41 silly cache add parsed spec Result {
41 silly cache add   raw: 'webworker-threads',
41 silly cache add   scope: null,
41 silly cache add   escapedName: 'webworker-threads',
41 silly cache add   name: 'webworker-threads',
41 silly cache add   rawSpec: '',
41 silly cache add   spec: 'latest',
41 silly cache add   type: 'tag' }
42 silly addNamed webworker-threads@latest
43 verbose addNamed "latest" is being treated as a dist-tag for webworker-threads
44 info addNameTag [ 'webworker-threads', 'latest' ]
45 silly mapToRegistry name webworker-threads
46 silly mapToRegistry using default registry
47 silly mapToRegistry registry http://r.npm.sankuai.com/
48 silly mapToRegistry data Result {
48 silly mapToRegistry   raw: 'webworker-threads',
48 silly mapToRegistry   scope: null,
48 silly mapToRegistry   escapedName: 'webworker-threads',
48 silly mapToRegistry   name: 'webworker-threads',
48 silly mapToRegistry   rawSpec: '',
48 silly mapToRegistry   spec: 'latest',
48 silly mapToRegistry   type: 'tag' }
49 silly mapToRegistry uri http://r.npm.sankuai.com/webworker-threads
50 verbose addNameTag registry:http://r.npm.sankuai.com/webworker-threads not in flight; fetching
51 verbose get http://r.npm.sankuai.com/webworker-threads not expired, no request
52 silly addNameTag next cb for webworker-threads with tag latest
53 silly addNamed webworker-threads@0.7.17
54 verbose addNamed "0.7.17" is a plain semver version for webworker-threads
55 silly cache afterAdd webworker-threads@0.7.17
56 verbose afterAdd /Users/lifan/.npm/webworker-threads/0.7.17/package/package.json not in flight; writing
57 verbose correctMkdir /Users/lifan/.npm correctMkdir not in flight; initializing
58 verbose afterAdd /Users/lifan/.npm/webworker-threads/0.7.17/package/package.json written
59 silly fetchNamedPackageData bindings
60 silly mapToRegistry name bindings
61 silly mapToRegistry using default registry
62 silly mapToRegistry registry http://r.npm.sankuai.com/
63 silly mapToRegistry data Result {
63 silly mapToRegistry   raw: 'bindings',
63 silly mapToRegistry   scope: null,
63 silly mapToRegistry   escapedName: 'bindings',
63 silly mapToRegistry   name: 'bindings',
63 silly mapToRegistry   rawSpec: '',
63 silly mapToRegistry   spec: 'latest',
63 silly mapToRegistry   type: 'tag' }
64 silly mapToRegistry uri http://r.npm.sankuai.com/bindings
65 silly fetchNamedPackageData nan
66 silly mapToRegistry name nan
67 silly mapToRegistry using default registry
68 silly mapToRegistry registry http://r.npm.sankuai.com/
69 silly mapToRegistry data Result {
69 silly mapToRegistry   raw: 'nan',
69 silly mapToRegistry   scope: null,
69 silly mapToRegistry   escapedName: 'nan',
69 silly mapToRegistry   name: 'nan',
69 silly mapToRegistry   rawSpec: '',
69 silly mapToRegistry   spec: 'latest',
69 silly mapToRegistry   type: 'tag' }
70 silly mapToRegistry uri http://r.npm.sankuai.com/nan
71 verbose request uri http://r.npm.sankuai.com/bindings
72 verbose request no auth needed
73 info attempt registry request try #1 at 15:20:44
74 verbose etag W/"6259-attVsTwxI+OfT5l4vjfOme/p8qU"
75 http request GET http://r.npm.sankuai.com/bindings
76 verbose request uri http://r.npm.sankuai.com/nan
77 verbose request no auth needed
78 info attempt registry request try #1 at 15:20:44
79 verbose etag W/"29573-h/dYslJjRHEM+dtc0BPFZuloGTM"
80 http request GET http://r.npm.sankuai.com/nan
81 http 304 http://r.npm.sankuai.com/bindings
82 verbose headers { server: 'openresty',
82 verbose headers   date: 'Sun, 19 Jan 2020 07:20:44 GMT',
82 verbose headers   connection: 'keep-alive',
82 verbose headers   'x-current-requests': '1',
82 verbose headers   vary: 'Origin',
82 verbose headers   etag: '"6259-attVsTwxI+OfT5l4vjfOme/p8qU"',
82 verbose headers   'x-readtime': '17' }
83 silly get cb [ 304,
83 silly get   { server: 'openresty',
83 silly get     date: 'Sun, 19 Jan 2020 07:20:44 GMT',
83 silly get     connection: 'keep-alive',
83 silly get     'x-current-requests': '1',
83 silly get     vary: 'Origin',
83 silly get     etag: '"6259-attVsTwxI+OfT5l4vjfOme/p8qU"',
83 silly get     'x-readtime': '17' } ]
84 verbose etag http://r.npm.sankuai.com/bindings from cache
85 verbose get saving bindings to /Users/lifan/.npm/r.npm.sankuai.com/bindings/.cache.json
86 verbose correctMkdir /Users/lifan/.npm correctMkdir not in flight; initializing
87 silly resolveWithNewModule bindings@1.5.0 checking installable status
88 silly cache add args [ 'bindings@^1.3.0', null ]
89 verbose cache add spec bindings@^1.3.0
90 silly cache add parsed spec Result {
90 silly cache add   raw: 'bindings@^1.3.0',
90 silly cache add   scope: null,
90 silly cache add   escapedName: 'bindings',
90 silly cache add   name: 'bindings',
90 silly cache add   rawSpec: '^1.3.0',
90 silly cache add   spec: '>=1.3.0 <2.0.0',
90 silly cache add   type: 'range' }
91 silly addNamed bindings@>=1.3.0 <2.0.0
92 verbose addNamed ">=1.3.0 <2.0.0" is a valid semver range for bindings
93 silly addNameRange { name: 'bindings', range: '>=1.3.0 <2.0.0', hasData: false }
94 silly mapToRegistry name bindings
95 silly mapToRegistry using default registry
96 silly mapToRegistry registry http://r.npm.sankuai.com/
97 silly mapToRegistry data Result {
97 silly mapToRegistry   raw: 'bindings',
97 silly mapToRegistry   scope: null,
97 silly mapToRegistry   escapedName: 'bindings',
97 silly mapToRegistry   name: 'bindings',
97 silly mapToRegistry   rawSpec: '',
97 silly mapToRegistry   spec: 'latest',
97 silly mapToRegistry   type: 'tag' }
98 silly mapToRegistry uri http://r.npm.sankuai.com/bindings
99 verbose addNameRange registry:http://r.npm.sankuai.com/bindings not in flight; fetching
100 verbose get http://r.npm.sankuai.com/bindings not expired, no request
101 silly addNameRange number 2 { name: 'bindings', range: '>=1.3.0 <2.0.0', hasData: true }
102 silly addNameRange versions [ 'bindings',
102 silly addNameRange   [ '1.5.0',
102 silly addNameRange     '1.4.0',
102 silly addNameRange     '1.3.1',
102 silly addNameRange     '1.3.0',
102 silly addNameRange     '1.2.1',
102 silly addNameRange     '1.2.0',
102 silly addNameRange     '1.1.1',
102 silly addNameRange     '1.1.0',
102 silly addNameRange     '1.0.0',
102 silly addNameRange     '0.4.0',
102 silly addNameRange     '0.3.0',
102 silly addNameRange     '0.2.4',
102 silly addNameRange     '0.2.3',
102 silly addNameRange     '0.2.2',
102 silly addNameRange     '0.2.1',
102 silly addNameRange     '0.2.0',
102 silly addNameRange     '0.1.1',
102 silly addNameRange     '0.1.0',
102 silly addNameRange     '0.0.1' ] ]
103 silly addNamed bindings@1.5.0
104 verbose addNamed "1.5.0" is a plain semver version for bindings
105 silly cache afterAdd bindings@1.5.0
106 verbose afterAdd /Users/lifan/.npm/bindings/1.5.0/package/package.json not in flight; writing
107 verbose correctMkdir /Users/lifan/.npm correctMkdir not in flight; initializing
108 verbose afterAdd /Users/lifan/.npm/bindings/1.5.0/package/package.json written
109 http 304 http://r.npm.sankuai.com/nan
110 verbose headers { server: 'openresty',
110 verbose headers   date: 'Sun, 19 Jan 2020 07:20:45 GMT',
110 verbose headers   connection: 'keep-alive',
110 verbose headers   'x-current-requests': '1',
110 verbose headers   vary: 'Origin',
110 verbose headers   etag: '"29573-h/dYslJjRHEM+dtc0BPFZuloGTM"',
110 verbose headers   'x-readtime': '164' }
111 silly get cb [ 304,
111 silly get   { server: 'openresty',
111 silly get     date: 'Sun, 19 Jan 2020 07:20:45 GMT',
111 silly get     connection: 'keep-alive',
111 silly get     'x-current-requests': '1',
111 silly get     vary: 'Origin',
111 silly get     etag: '"29573-h/dYslJjRHEM+dtc0BPFZuloGTM"',
111 silly get     'x-readtime': '164' } ]
112 verbose etag http://r.npm.sankuai.com/nan from cache
113 verbose get saving nan to /Users/lifan/.npm/r.npm.sankuai.com/nan/.cache.json
114 verbose correctMkdir /Users/lifan/.npm correctMkdir not in flight; initializing
115 silly resolveWithNewModule nan@2.14.0 checking installable status
116 silly cache add args [ 'nan@^2.11.0', null ]
117 verbose cache add spec nan@^2.11.0
118 silly cache add parsed spec Result {
118 silly cache add   raw: 'nan@^2.11.0',
118 silly cache add   scope: null,
118 silly cache add   escapedName: 'nan',
118 silly cache add   name: 'nan',
118 silly cache add   rawSpec: '^2.11.0',
118 silly cache add   spec: '>=2.11.0 <3.0.0',
118 silly cache add   type: 'range' }
119 silly addNamed nan@>=2.11.0 <3.0.0
120 verbose addNamed ">=2.11.0 <3.0.0" is a valid semver range for nan
121 silly addNameRange { name: 'nan', range: '>=2.11.0 <3.0.0', hasData: false }
122 silly mapToRegistry name nan
123 silly mapToRegistry using default registry
124 silly mapToRegistry registry http://r.npm.sankuai.com/
125 silly mapToRegistry data Result {
125 silly mapToRegistry   raw: 'nan',
125 silly mapToRegistry   scope: null,
125 silly mapToRegistry   escapedName: 'nan',
125 silly mapToRegistry   name: 'nan',
125 silly mapToRegistry   rawSpec: '',
125 silly mapToRegistry   spec: 'latest',
125 silly mapToRegistry   type: 'tag' }
126 silly mapToRegistry uri http://r.npm.sankuai.com/nan
127 verbose addNameRange registry:http://r.npm.sankuai.com/nan not in flight; fetching
128 verbose get http://r.npm.sankuai.com/nan not expired, no request
129 silly addNameRange number 2 { name: 'nan', range: '>=2.11.0 <3.0.0', hasData: true }
130 silly addNameRange versions [ 'nan',
130 silly addNameRange   [ '2.14.0',
130 silly addNameRange     '2.13.2',
130 silly addNameRange     '2.13.1',
130 silly addNameRange     '2.13.0',
130 silly addNameRange     '2.12.1',
130 silly addNameRange     '2.12.0',
130 silly addNameRange     '2.11.1',
130 silly addNameRange     '2.11.0',
130 silly addNameRange     '2.10.0',
130 silly addNameRange     '2.9.2',
130 silly addNameRange     '2.9.1',
130 silly addNameRange     '2.8.0',
130 silly addNameRange     '2.7.0',
130 silly addNameRange     '2.6.2',
130 silly addNameRange     '2.6.1',
130 silly addNameRange     '2.6.0',
130 silly addNameRange     '2.5.1',
130 silly addNameRange     '2.5.0',
130 silly addNameRange     '2.4.0',
130 silly addNameRange     '2.3.5',
130 silly addNameRange     '2.3.4',
130 silly addNameRange     '2.3.3',
130 silly addNameRange     '2.3.2',
130 silly addNameRange     '2.3.1',
130 silly addNameRange     '2.3.0',
130 silly addNameRange     '2.2.1',
130 silly addNameRange     '2.2.0',
130 silly addNameRange     '2.1.0',
130 silly addNameRange     '2.0.9',
130 silly addNameRange     '2.0.8',
130 silly addNameRange     '2.0.7',
130 silly addNameRange     '2.0.6',
130 silly addNameRange     '2.0.5',
130 silly addNameRange     '2.0.4',
130 silly addNameRange     '2.0.3',
130 silly addNameRange     '2.0.2',
130 silly addNameRange     '2.0.1',
130 silly addNameRange     '2.0.0',
130 silly addNameRange     '1.9.0',
130 silly addNameRange     '1.8.4',
130 silly addNameRange     '1.8.3',
130 silly addNameRange     '1.8.2',
130 silly addNameRange     '1.8.1',
130 silly addNameRange     '1.8.0',
130 silly addNameRange     '1.7.0',
130 silly addNameRange     '1.6.2',
130 silly addNameRange     '1.6.1',
130 silly addNameRange     '1.5.3',
130 silly addNameRange     '1.6.0',
130 silly addNameRange     '1.5.2',
130 silly addNameRange     '1.5.1',
130 silly addNameRange     '1.4.3',
130 silly addNameRange     '1.4.2',
130 silly addNameRange     '1.5.0',
130 silly addNameRange     '1.4.1',
130 silly addNameRange     '1.4.0',
130 silly addNameRange     '1.3.0',
130 silly addNameRange     '1.2.0',
130 silly addNameRange     '1.1.2',
130 silly addNameRange     '1.1.1',
130 silly addNameRange     '1.1.0',
130 silly addNameRange     '1.0.0',
130 silly addNameRange     '0.8.0',
130 silly addNameRange     '0.7.1',
130 silly addNameRange     '0.7.0',
130 silly addNameRange     '0.6.0',
130 silly addNameRange     '0.5.2',
130 silly addNameRange     '0.5.1',
130 silly addNameRange     '0.5.0',
130 silly addNameRange     '0.4.4',
130 silly addNameRange     '0.4.3',
130 silly addNameRange     '0.4.2',
130 silly addNameRange     '0.4.1',
130 silly addNameRange     '0.4.0',
130 silly addNameRange     '0.3.2',
130 silly addNameRange     '0.3.1',
130 silly addNameRange     '0.3.0',
130 silly addNameRange     '0.3.0-wip2',
130 silly addNameRange     '0.3.0-wip' ] ]
131 silly addNamed nan@2.14.0
132 verbose addNamed "2.14.0" is a plain semver version for nan
133 silly cache afterAdd nan@2.14.0
134 verbose afterAdd /Users/lifan/.npm/nan/2.14.0/package/package.json not in flight; writing
135 verbose correctMkdir /Users/lifan/.npm correctMkdir not in flight; initializing
136 verbose afterAdd /Users/lifan/.npm/nan/2.14.0/package/package.json written
137 silly fetchNamedPackageData file-uri-to-path
138 silly mapToRegistry name file-uri-to-path
139 silly mapToRegistry using default registry
140 silly mapToRegistry registry http://r.npm.sankuai.com/
141 silly mapToRegistry data Result {
141 silly mapToRegistry   raw: 'file-uri-to-path',
141 silly mapToRegistry   scope: null,
141 silly mapToRegistry   escapedName: 'file-uri-to-path',
141 silly mapToRegistry   name: 'file-uri-to-path',
141 silly mapToRegistry   rawSpec: '',
141 silly mapToRegistry   spec: 'latest',
141 silly mapToRegistry   type: 'tag' }
142 silly mapToRegistry uri http://r.npm.sankuai.com/file-uri-to-path
143 verbose request uri http://r.npm.sankuai.com/file-uri-to-path
144 verbose request no auth needed
145 info attempt registry request try #1 at 15:20:45
146 verbose etag W/"2175-mJf/2MmRDtxd4Q4ca2iZWiTscvk"
147 http request GET http://r.npm.sankuai.com/file-uri-to-path
148 http 304 http://r.npm.sankuai.com/file-uri-to-path
149 verbose headers { server: 'openresty',
149 verbose headers   date: 'Sun, 19 Jan 2020 07:20:45 GMT',
149 verbose headers   connection: 'keep-alive',
149 verbose headers   'x-current-requests': '1',
149 verbose headers   vary: 'Origin',
149 verbose headers   etag: '"2175-mJf/2MmRDtxd4Q4ca2iZWiTscvk"',
149 verbose headers   'x-readtime': '11' }
150 silly get cb [ 304,
150 silly get   { server: 'openresty',
150 silly get     date: 'Sun, 19 Jan 2020 07:20:45 GMT',
150 silly get     connection: 'keep-alive',
150 silly get     'x-current-requests': '1',
150 silly get     vary: 'Origin',
150 silly get     etag: '"2175-mJf/2MmRDtxd4Q4ca2iZWiTscvk"',
150 silly get     'x-readtime': '11' } ]
151 verbose etag http://r.npm.sankuai.com/file-uri-to-path from cache
152 verbose get saving file-uri-to-path to /Users/lifan/.npm/r.npm.sankuai.com/file-uri-to-path/.cache.json
153 verbose correctMkdir /Users/lifan/.npm correctMkdir not in flight; initializing
154 silly resolveWithNewModule file-uri-to-path@1.0.0 checking installable status
155 silly cache add args [ 'file-uri-to-path@1.0.0', null ]
156 verbose cache add spec file-uri-to-path@1.0.0
157 silly cache add parsed spec Result {
157 silly cache add   raw: 'file-uri-to-path@1.0.0',
157 silly cache add   scope: null,
157 silly cache add   escapedName: 'file-uri-to-path',
157 silly cache add   name: 'file-uri-to-path',
157 silly cache add   rawSpec: '1.0.0',
157 silly cache add   spec: '1.0.0',
157 silly cache add   type: 'version' }
158 silly addNamed file-uri-to-path@1.0.0
159 verbose addNamed "1.0.0" is a plain semver version for file-uri-to-path
160 silly mapToRegistry name file-uri-to-path
161 silly mapToRegistry using default registry
162 silly mapToRegistry registry http://r.npm.sankuai.com/
163 silly mapToRegistry data Result {
163 silly mapToRegistry   raw: 'file-uri-to-path',
163 silly mapToRegistry   scope: null,
163 silly mapToRegistry   escapedName: 'file-uri-to-path',
163 silly mapToRegistry   name: 'file-uri-to-path',
163 silly mapToRegistry   rawSpec: '',
163 silly mapToRegistry   spec: 'latest',
163 silly mapToRegistry   type: 'tag' }
164 silly mapToRegistry uri http://r.npm.sankuai.com/file-uri-to-path
165 verbose addNameVersion registry:http://r.npm.sankuai.com/file-uri-to-path not in flight; fetching
166 verbose get http://r.npm.sankuai.com/file-uri-to-path not expired, no request
167 silly cache afterAdd file-uri-to-path@1.0.0
168 verbose afterAdd /Users/lifan/.npm/file-uri-to-path/1.0.0/package/package.json not in flight; writing
169 verbose correctMkdir /Users/lifan/.npm correctMkdir not in flight; initializing
170 verbose afterAdd /Users/lifan/.npm/file-uri-to-path/1.0.0/package/package.json written
171 silly loadAllDepsIntoIdealTree Finishing
172 silly loadIdealTree Finishing
173 silly currentTree webworker
174 silly idealTree webworker
174 silly idealTree ├── bindings@1.5.0
174 silly idealTree ├── file-uri-to-path@1.0.0
174 silly idealTree ├── nan@2.14.0
174 silly idealTree └── webworker-threads@0.7.17
175 silly generateActionsToTake Starting
176 silly install generateActionsToTake
177 silly generateActionsToTake Finishing
178 silly diffTrees action count 4
179 silly diffTrees add file-uri-to-path@1.0.0
180 silly diffTrees add bindings@1.5.0
181 silly diffTrees add nan@2.14.0
182 silly diffTrees add webworker-threads@0.7.17
183 silly decomposeActions action count 32
184 silly decomposeActions fetch file-uri-to-path@1.0.0
185 silly decomposeActions extract file-uri-to-path@1.0.0
186 silly decomposeActions test file-uri-to-path@1.0.0
187 silly decomposeActions preinstall file-uri-to-path@1.0.0
188 silly decomposeActions build file-uri-to-path@1.0.0
189 silly decomposeActions install file-uri-to-path@1.0.0
190 silly decomposeActions postinstall file-uri-to-path@1.0.0
191 silly decomposeActions finalize file-uri-to-path@1.0.0
192 silly decomposeActions fetch bindings@1.5.0
193 silly decomposeActions extract bindings@1.5.0
194 silly decomposeActions test bindings@1.5.0
195 silly decomposeActions preinstall bindings@1.5.0
196 silly decomposeActions build bindings@1.5.0
197 silly decomposeActions install bindings@1.5.0
198 silly decomposeActions postinstall bindings@1.5.0
199 silly decomposeActions finalize bindings@1.5.0
200 silly decomposeActions fetch nan@2.14.0
201 silly decomposeActions extract nan@2.14.0
202 silly decomposeActions test nan@2.14.0
203 silly decomposeActions preinstall nan@2.14.0
204 silly decomposeActions build nan@2.14.0
205 silly decomposeActions install nan@2.14.0
206 silly decomposeActions postinstall nan@2.14.0
207 silly decomposeActions finalize nan@2.14.0
208 silly decomposeActions fetch webworker-threads@0.7.17
209 silly decomposeActions extract webworker-threads@0.7.17
210 silly decomposeActions test webworker-threads@0.7.17
211 silly decomposeActions preinstall webworker-threads@0.7.17
212 silly decomposeActions build webworker-threads@0.7.17
213 silly decomposeActions install webworker-threads@0.7.17
214 silly decomposeActions postinstall webworker-threads@0.7.17
215 silly decomposeActions finalize webworker-threads@0.7.17
216 silly runTopLevelLifecycles Starting
217 silly executeActions Starting
218 silly install executeActions
219 silly doSerial global-install 0
220 silly doParallel fetch 4
221 verbose correctMkdir /Users/lifan/.npm/_locks correctMkdir not in flight; initializing
222 verbose lock using /Users/lifan/.npm/_locks/staging-04ff02013cb33502.lock for /Users/lifan/secondself/javascript学习/webworker/node_modules/.staging
223 silly doParallel extract 4
224 silly extract file-uri-to-path@1.0.0
225 silly extract bindings@1.5.0
226 silly extract nan@2.14.0
227 silly extract webworker-threads@0.7.17
228 verbose unbuild node_modules/.staging/file-uri-to-path-b5bd3e87
229 verbose unbuild node_modules/.staging/nan-84e52463
230 verbose unbuild node_modules/.staging/bindings-47ce8696
231 verbose unbuild node_modules/.staging/webworker-threads-775af543
232 silly gentlyRm /Users/lifan/secondself/javascript学习/webworker/node_modules/.staging/file-uri-to-path-b5bd3e87 is being purged from base /Users/lifan/secondself/javascript学习/webworker
233 verbose gentlyRm don't care about contents; nuking /Users/lifan/secondself/javascript学习/webworker/node_modules/.staging/file-uri-to-path-b5bd3e87
234 silly gentlyRm /Users/lifan/secondself/javascript学习/webworker/node_modules/.staging/nan-84e52463 is being purged from base /Users/lifan/secondself/javascript学习/webworker
235 verbose gentlyRm don't care about contents; nuking /Users/lifan/secondself/javascript学习/webworker/node_modules/.staging/nan-84e52463
236 silly gentlyRm /Users/lifan/secondself/javascript学习/webworker/node_modules/.staging/bindings-47ce8696 is being purged from base /Users/lifan/secondself/javascript学习/webworker
237 verbose gentlyRm don't care about contents; nuking /Users/lifan/secondself/javascript学习/webworker/node_modules/.staging/bindings-47ce8696
238 verbose tar unpack /Users/lifan/.npm/file-uri-to-path/1.0.0/package.tgz
239 verbose tar unpacking to /Users/lifan/secondself/javascript学习/webworker/node_modules/.staging/file-uri-to-path-b5bd3e87
240 silly gentlyRm /Users/lifan/secondself/javascript学习/webworker/node_modules/.staging/file-uri-to-path-b5bd3e87 is being purged
241 verbose gentlyRm don't care about contents; nuking /Users/lifan/secondself/javascript学习/webworker/node_modules/.staging/file-uri-to-path-b5bd3e87
242 silly gentlyRm /Users/lifan/secondself/javascript学习/webworker/node_modules/.staging/webworker-threads-775af543 is being purged from base /Users/lifan/secondself/javascript学习/webworker
243 verbose gentlyRm don't care about contents; nuking /Users/lifan/secondself/javascript学习/webworker/node_modules/.staging/webworker-threads-775af543
244 verbose tar unpack /Users/lifan/.npm/nan/2.14.0/package.tgz
245 verbose tar unpacking to /Users/lifan/secondself/javascript学习/webworker/node_modules/.staging/nan-84e52463
246 silly gentlyRm /Users/lifan/secondself/javascript学习/webworker/node_modules/.staging/nan-84e52463 is being purged
247 verbose gentlyRm don't care about contents; nuking /Users/lifan/secondself/javascript学习/webworker/node_modules/.staging/nan-84e52463
248 verbose tar unpack /Users/lifan/.npm/bindings/1.5.0/package.tgz
249 verbose tar unpacking to /Users/lifan/secondself/javascript学习/webworker/node_modules/.staging/bindings-47ce8696
250 silly gentlyRm /Users/lifan/secondself/javascript学习/webworker/node_modules/.staging/bindings-47ce8696 is being purged
251 verbose gentlyRm don't care about contents; nuking /Users/lifan/secondself/javascript学习/webworker/node_modules/.staging/bindings-47ce8696
252 silly gunzTarPerm modes [ '755', '644' ]
253 verbose tar unpack /Users/lifan/.npm/webworker-threads/0.7.17/package.tgz
254 verbose tar unpacking to /Users/lifan/secondself/javascript学习/webworker/node_modules/.staging/webworker-threads-775af543
255 silly gentlyRm /Users/lifan/secondself/javascript学习/webworker/node_modules/.staging/webworker-threads-775af543 is being purged
256 verbose gentlyRm don't care about contents; nuking /Users/lifan/secondself/javascript学习/webworker/node_modules/.staging/webworker-threads-775af543
257 silly gunzTarPerm modes [ '755', '644' ]
258 silly gunzTarPerm modes [ '755', '644' ]
259 silly gunzTarPerm modes [ '755', '644' ]
260 silly gunzTarPerm extractEntry package.json
261 silly gunzTarPerm extractEntry package.json
262 silly gunzTarPerm modified mode [ 'package.json', 436, 420 ]
263 silly gunzTarPerm extractEntry package.json
264 silly gunzTarPerm extractEntry package.json
265 silly gunzTarPerm extractEntry .npmignore
266 silly gunzTarPerm extractEntry README.md
267 silly gunzTarPerm extractEntry CHANGELOG.md
268 silly gunzTarPerm modified mode [ 'CHANGELOG.md', 436, 420 ]
269 silly gunzTarPerm extractEntry bindings.js
270 silly gunzTarPerm extractEntry LICENSE.md
271 silly gunzTarPerm extractEntry .editorconfig
272 silly gunzTarPerm extractEntry .travis.yml
273 silly gunzTarPerm extractEntry include_dirs.js
274 silly gunzTarPerm modified mode [ 'include_dirs.js', 436, 420 ]
275 silly gunzTarPerm extractEntry LICENSE
276 silly gunzTarPerm extractEntry index.js
277 silly gunzTarPerm extractEntry LICENSE.md
278 silly gunzTarPerm modified mode [ 'LICENSE.md', 436, 420 ]
279 silly gunzTarPerm extractEntry nan_callbacks_12_inl.h
280 silly gunzTarPerm modified mode [ 'nan_callbacks_12_inl.h', 436, 420 ]
281 silly gunzTarPerm extractEntry nan_callbacks_pre_12_inl.h
282 silly gunzTarPerm modified mode [ 'nan_callbacks_pre_12_inl.h', 436, 420 ]
283 silly gunzTarPerm extractEntry README.md
284 silly gunzTarPerm extractEntry AUTHORS
285 silly gunzTarPerm extractEntry binding.gyp
286 silly gunzTarPerm extractEntry nan_callbacks.h
287 silly gunzTarPerm modified mode [ 'nan_callbacks.h', 436, 420 ]
288 silly gunzTarPerm extractEntry .travis.yml
289 silly gunzTarPerm extractEntry index.d.ts
290 silly gunzTarPerm extractEntry CHANGES.md
291 silly gunzTarPerm extractEntry index.d.ts
292 silly gunzTarPerm extractEntry nan_converters_43_inl.h
293 silly gunzTarPerm modified mode [ 'nan_converters_43_inl.h', 436, 420 ]
294 silly gunzTarPerm extractEntry nan_converters_pre_43_inl.h
295 silly gunzTarPerm modified mode [ 'nan_converters_pre_43_inl.h', 436, 420 ]
296 silly gunzTarPerm extractEntry index.js
297 silly gunzTarPerm extractEntry History.md
298 silly gunzTarPerm extractEntry test/test.js
299 silly gunzTarPerm extractEntry nan_converters.h
300 silly gunzTarPerm modified mode [ 'nan_converters.h', 436, 420 ]
301 silly gunzTarPerm extractEntry nan_define_own_property_helper.h
302 silly gunzTarPerm modified mode [ 'nan_define_own_property_helper.h', 436, 420 ]
303 silly gunzTarPerm extractEntry LICENSE
304 silly gunzTarPerm extractEntry package.ls
305 silly gunzTarPerm extractEntry test/tests.json
306 silly gunzTarPerm extractEntry nan_implementation_12_inl.h
307 silly gunzTarPerm modified mode [ 'nan_implementation_12_inl.h', 436, 420 ]
308 silly gunzTarPerm extractEntry nan_implementation_pre_12_inl.h
309 silly gunzTarPerm modified mode [ 'nan_implementation_pre_12_inl.h', 436, 420 ]
310 silly gunzTarPerm extractEntry nan_json.h
311 silly gunzTarPerm modified mode [ 'nan_json.h', 436, 420 ]
312 silly gunzTarPerm extractEntry nan_maybe_43_inl.h
313 silly gunzTarPerm modified mode [ 'nan_maybe_43_inl.h', 436, 420 ]
314 silly gunzTarPerm extractEntry README.md
315 silly gunzTarPerm extractEntry run-all-tests.sh
316 silly gunzTarPerm extractEntry nan_maybe_pre_43_inl.h
317 silly gunzTarPerm modified mode [ 'nan_maybe_pre_43_inl.h', 436, 420 ]
318 silly gunzTarPerm extractEntry nan_new.h
319 silly gunzTarPerm modified mode [ 'nan_new.h', 436, 420 ]
320 silly gunzTarPerm extractEntry nan_object_wrap.h
321 silly gunzTarPerm modified mode [ 'nan_object_wrap.h', 436, 420 ]
322 silly gunzTarPerm extractEntry test-import-script.js
323 silly gunzTarPerm extractEntry test-package.js
324 silly gentlyRm /Users/lifan/secondself/javascript学习/webworker/node_modules/.staging/bindings-47ce8696/node_modules is being purged
325 verbose gentlyRm don't care about contents; nuking /Users/lifan/secondself/javascript学习/webworker/node_modules/.staging/bindings-47ce8696/node_modules
326 silly gunzTarPerm extractEntry nan_persistent_12_inl.h
327 silly gunzTarPerm modified mode [ 'nan_persistent_12_inl.h', 436, 420 ]
328 silly gunzTarPerm extractEntry nan_persistent_pre_12_inl.h
329 silly gunzTarPerm modified mode [ 'nan_persistent_pre_12_inl.h', 436, 420 ]
330 silly gunzTarPerm extractEntry test.js
331 silly gunzTarPerm extractEntry test.ls
332 silly gunzTarPerm extractEntry nan_private.h
333 silly gunzTarPerm modified mode [ 'nan_private.h', 436, 420 ]
334 silly gunzTarPerm extractEntry nan_string_bytes.h
335 silly gunzTarPerm modified mode [ 'nan_string_bytes.h', 436, 420 ]
336 silly gunzTarPerm extractEntry TODO.md
337 silly gunzTarPerm extractEntry benchmark/b00_fibonacci_server_no_threads.js
338 silly gunzTarPerm extractEntry nan_typedarray_contents.h
339 silly gunzTarPerm modified mode [ 'nan_typedarray_contents.h', 436, 420 ]
340 silly gunzTarPerm extractEntry nan_weak.h
341 silly gunzTarPerm modified mode [ 'nan_weak.h', 436, 420 ]
342 silly gunzTarPerm extractEntry benchmark/b01_fibonacci_server_threads.js
343 silly gunzTarPerm extractEntry benchmark/b02_fibonacci_server_threads_pool.js
344 silly gunzTarPerm extractEntry nan.h
345 silly gunzTarPerm modified mode [ 'nan.h', 436, 420 ]
346 silly gunzTarPerm extractEntry README.md
347 silly gunzTarPerm modified mode [ 'README.md', 436, 420 ]
348 silly gunzTarPerm extractEntry benchmark/b03_fibonacci_server_clustered.js
349 silly gunzTarPerm extractEntry benchmark/b04_only_quick.js
350 silly gunzTarPerm extractEntry benchmark/doubles.c
351 silly gunzTarPerm extractEntry benchmark/pi_precompiled.js
352 silly gunzTarPerm extractEntry doc/asyncworker.md
353 silly gunzTarPerm modified mode [ 'doc/asyncworker.md', 436, 420 ]
354 silly gunzTarPerm extractEntry doc/buffers.md
355 silly gunzTarPerm modified mode [ 'doc/buffers.md', 436, 420 ]
356 silly gunzTarPerm extractEntry benchmark/pi.c
357 silly gunzTarPerm extractEntry benchmark/pi.js
358 silly gunzTarPerm extractEntry doc/callback.md
359 silly gunzTarPerm modified mode [ 'doc/callback.md', 436, 420 ]
360 silly gunzTarPerm extractEntry doc/converters.md
361 silly gunzTarPerm modified mode [ 'doc/converters.md', 436, 420 ]
362 silly gentlyRm /Users/lifan/secondself/javascript学习/webworker/node_modules/.staging/file-uri-to-path-b5bd3e87/node_modules is being purged
363 verbose gentlyRm don't care about contents; nuking /Users/lifan/secondself/javascript学习/webworker/node_modules/.staging/file-uri-to-path-b5bd3e87/node_modules
364 silly gunzTarPerm extractEntry benchmark/pi.rb
365 silly gunzTarPerm extractEntry deps/minifier/bin/.keep
366 silly gunzTarPerm extractEntry doc/errors.md
367 silly gunzTarPerm modified mode [ 'doc/errors.md', 436, 420 ]
368 silly gunzTarPerm extractEntry doc/json.md
369 silly gunzTarPerm modified mode [ 'doc/json.md', 436, 420 ]
370 silly gunzTarPerm extractEntry deps/minifier/src/minify.c
371 silly gunzTarPerm extractEntry deps/minifier/src/test
372 silly gunzTarPerm extractEntry doc/maybe_types.md
373 silly gunzTarPerm modified mode [ 'doc/maybe_types.md', 436, 420 ]
374 silly gunzTarPerm extractEntry doc/methods.md
375 silly gunzTarPerm modified mode [ 'doc/methods.md', 436, 420 ]
376 silly gunzTarPerm extractEntry deps/minifier/src/test_minifier.c
377 silly gunzTarPerm extractEntry deps/minifier/src/test.include.c
378 silly gunzTarPerm extractEntry doc/new.md
379 silly gunzTarPerm modified mode [ 'doc/new.md', 436, 420 ]
380 silly gunzTarPerm extractEntry doc/node_misc.md
381 silly gunzTarPerm modified mode [ 'doc/node_misc.md', 436, 420 ]
382 silly gunzTarPerm extractEntry examples/demo.js
383 silly gunzTarPerm extractEntry examples/ex01_basic.js
384 silly gunzTarPerm extractEntry doc/object_wrappers.md
385 silly gunzTarPerm modified mode [ 'doc/object_wrappers.md', 436, 420 ]
386 silly gunzTarPerm extractEntry doc/persistent.md
387 silly gunzTarPerm modified mode [ 'doc/persistent.md', 436, 420 ]
388 silly gunzTarPerm extractEntry examples/ex01_basic.md
389 silly gunzTarPerm extractEntry examples/ex02_events.js
390 silly gunzTarPerm extractEntry examples/ex02_events.md
391 silly gunzTarPerm extractEntry examples/ex03_ping_pong.js
392 silly gunzTarPerm extractEntry doc/scopes.md
393 silly gunzTarPerm modified mode [ 'doc/scopes.md', 436, 420 ]
394 silly gunzTarPerm extractEntry doc/script.md
395 silly gunzTarPerm modified mode [ 'doc/script.md', 436, 420 ]
396 silly gunzTarPerm extractEntry examples/ex03_ping_pong.md
397 silly gunzTarPerm extractEntry examples/ex04_main.js
398 silly gunzTarPerm extractEntry doc/string_bytes.md
399 silly gunzTarPerm modified mode [ 'doc/string_bytes.md', 436, 420 ]
400 silly gunzTarPerm extractEntry doc/v8_internals.md
401 silly gunzTarPerm modified mode [ 'doc/v8_internals.md', 436, 420 ]
402 silly gunzTarPerm extractEntry examples/ex04_main.md
403 silly gunzTarPerm extractEntry examples/ex04_worker.js
404 silly gunzTarPerm extractEntry doc/v8_misc.md
405 silly gunzTarPerm modified mode [ 'doc/v8_misc.md', 436, 420 ]
406 silly gunzTarPerm extractEntry tools/1to2.js
407 silly gunzTarPerm modified mode [ 'tools/1to2.js', 509, 493 ]
408 silly gunzTarPerm extractEntry tools/package.json
409 silly gunzTarPerm modified mode [ 'tools/package.json', 436, 420 ]
410 silly gunzTarPerm extractEntry examples/ex04_worker.md
411 silly gunzTarPerm extractEntry examples/ex05_pool.js
412 silly gunzTarPerm extractEntry tools/README.md
413 silly gunzTarPerm modified mode [ 'tools/README.md', 436, 420 ]
414 silly gunzTarPerm extractEntry examples/ex05_pool.md
415 silly gunzTarPerm extractEntry examples/ex06_complex.js
416 silly gunzTarPerm extractEntry examples/ex06_jason.js
417 silly gunzTarPerm extractEntry examples/ex06_jason.md
418 silly gunzTarPerm extractEntry examples/fiveThreads.ls
419 silly gunzTarPerm extractEntry examples/multiThreadEvented.ls
420 silly gunzTarPerm extractEntry examples/quickIntro_blocking.js
421 silly gunzTarPerm extractEntry examples/quickIntro_evented_childThreadCode.js
422 silly gunzTarPerm extractEntry examples/quickIntro_fiveThreads.js
423 silly gunzTarPerm extractEntry examples/quickIntro_loop.js
424 silly gunzTarPerm extractEntry examples/quickIntro_multiThread.js
425 silly gunzTarPerm extractEntry examples/quickIntro_multiThreadEvented.js
426 silly gunzTarPerm extractEntry examples/quickIntro_oneThread.js
427 silly gunzTarPerm extractEntry examples/quickIntro_oneThreadEvented.js
428 silly gunzTarPerm extractEntry src/ArrayBufferAllocator.h
429 silly gunzTarPerm extractEntry src/bson.cc
430 silly gunzTarPerm extractEntry src/bson.h
431 silly gunzTarPerm extractEntry src/createPool.js
432 silly gunzTarPerm extractEntry src/createPool.js.c
433 silly gunzTarPerm extractEntry src/createPool.ls
434 silly gunzTarPerm extractEntry src/events.js
435 silly gunzTarPerm extractEntry src/events.js.c
436 silly gunzTarPerm extractEntry src/events.ls
437 silly gunzTarPerm extractEntry src/jslib.cc
438 silly gunzTarPerm extractEntry src/load.js
439 silly gunzTarPerm extractEntry src/load.js.c
440 silly gunzTarPerm extractEntry src/load.ls
441 silly gunzTarPerm extractEntry src/nan_isolate_data_accessor.h
442 silly gunzTarPerm extractEntry src/queues_a_gogo.cc
443 silly gunzTarPerm extractEntry src/thread_nextTick.js
444 silly gunzTarPerm extractEntry src/thread_nextTick.js.c
445 silly gunzTarPerm extractEntry src/thread_nextTick.ls
446 silly gunzTarPerm extractEntry src/WebWorkerThreads.cc
447 silly gunzTarPerm extractEntry src/worker.js
448 silly gunzTarPerm extractEntry src/worker.js.c
449 silly gunzTarPerm extractEntry src/worker.ls
450 silly gunzTarPerm extractEntry test/ab.js
451 silly gunzTarPerm extractEntry test/test00_run_once_and_destroy.js
452 silly gunzTarPerm extractEntry test/test01_loop_as_fast_as_possible.js
453 silly gunzTarPerm extractEntry test/test02_loop_as_fast_as_possible.js
454 silly gunzTarPerm extractEntry test/test03_infiniteLoopFunction.js
455 silly gunzTarPerm extractEntry test/test04_gc_versus_not_gc.js
456 silly gunzTarPerm extractEntry test/test05_debugLeaksNoCallbacks.js
457 silly gunzTarPerm extractEntry test/test06_throw_from_the_thread.js
458 silly gunzTarPerm extractEntry test/test07_sigkill.js
459 silly gunzTarPerm extractEntry test/test08_sigkill_leaks.js
460 silly gunzTarPerm extractEntry test/test09_throw_from_the_callback.js
461 silly gunzTarPerm extractEntry test/test10_node_nextTick_speed.js
462 silly gunzTarPerm extractEntry test/test11_multi_callbacks.js
463 silly gunzTarPerm extractEntry test/test12_precompiled_vs_normal.js
464 silly gunzTarPerm extractEntry test/test13_thread_nextTick_speed.js
465 silly gunzTarPerm extractEntry test/test14_emit_once.js
466 silly gunzTarPerm extractEntry test/test15_emit_ping_pong.js
467 silly gunzTarPerm extractEntry test/test16_syntax_error_in_the_thread.js
468 silly gunzTarPerm extractEntry test/test17_pool_pi.js
469 silly gunzTarPerm extractEntry test/test18_pool_any_as_fast_as_possible.js
470 silly gunzTarPerm extractEntry test/test19_pool_emit_any_all.js
471 silly gunzTarPerm extractEntry test/test20_removeAllListeners.js
472 silly gentlyRm /Users/lifan/secondself/javascript学习/webworker/node_modules/.staging/nan-84e52463/node_modules is being purged
473 verbose gentlyRm don't care about contents; nuking /Users/lifan/secondself/javascript学习/webworker/node_modules/.staging/nan-84e52463/node_modules
474 silly gunzTarPerm extractEntry test/test21_emit_ping_pong_big_string.js
475 silly gunzTarPerm extractEntry test/test22_create_destroy_loop.js
476 silly gunzTarPerm extractEntry test/test23_create_destroy_loop.js
477 silly gunzTarPerm extractEntry test/test24_puts.js
478 silly gunzTarPerm extractEntry test/test25_delete_puts.js
479 silly gunzTarPerm extractEntry test/test26_puts_with_many_args.js
480 silly gunzTarPerm extractEntry test/test27_puts_event_loop.js
481 silly gunzTarPerm extractEntry test/test28_puts_nextTick_loop.js
482 silly gunzTarPerm extractEntry test/test29_puts_callback_loop.js
483 silly gentlyRm /Users/lifan/secondself/javascript学习/webworker/node_modules/.staging/webworker-threads-775af543/node_modules is being purged
484 verbose gentlyRm don't care about contents; nuking /Users/lifan/secondself/javascript学习/webworker/node_modules/.staging/webworker-threads-775af543/node_modules
485 silly doParallel preinstall 4
486 silly preinstall file-uri-to-path@1.0.0 /Users/lifan/secondself/javascript学习/webworker/node_modules/.staging/file-uri-to-path-b5bd3e87
487 info lifecycle file-uri-to-path@1.0.0~preinstall: file-uri-to-path@1.0.0
488 silly preinstall bindings@1.5.0 /Users/lifan/secondself/javascript学习/webworker/node_modules/.staging/bindings-47ce8696
489 info lifecycle bindings@1.5.0~preinstall: bindings@1.5.0
490 silly preinstall nan@2.14.0 /Users/lifan/secondself/javascript学习/webworker/node_modules/.staging/nan-84e52463
491 info lifecycle nan@2.14.0~preinstall: nan@2.14.0
492 silly preinstall webworker-threads@0.7.17 /Users/lifan/secondself/javascript学习/webworker/node_modules/.staging/webworker-threads-775af543
493 info lifecycle webworker-threads@0.7.17~preinstall: webworker-threads@0.7.17
494 silly lifecycle file-uri-to-path@1.0.0~preinstall: no script for preinstall, continuing
495 silly lifecycle bindings@1.5.0~preinstall: no script for preinstall, continuing
496 silly lifecycle nan@2.14.0~preinstall: no script for preinstall, continuing
497 silly lifecycle webworker-threads@0.7.17~preinstall: no script for preinstall, continuing
498 silly doReverseSerial remove 0
499 silly doSerial move 0
500 silly doSerial finalize 4
501 silly finalize /Users/lifan/secondself/javascript学习/webworker/node_modules/file-uri-to-path
502 silly finalize /Users/lifan/secondself/javascript学习/webworker/node_modules/bindings
503 silly finalize /Users/lifan/secondself/javascript学习/webworker/node_modules/nan
504 silly finalize /Users/lifan/secondself/javascript学习/webworker/node_modules/webworker-threads
505 silly doSerial build 4
506 silly build file-uri-to-path@1.0.0
507 info linkStuff file-uri-to-path@1.0.0
508 silly linkStuff file-uri-to-path@1.0.0 has /Users/lifan/secondself/javascript学习/webworker/node_modules as its parent node_modules
509 verbose linkBins file-uri-to-path@1.0.0
510 verbose linkMans file-uri-to-path@1.0.0
511 silly build bindings@1.5.0
512 info linkStuff bindings@1.5.0
513 silly linkStuff bindings@1.5.0 has /Users/lifan/secondself/javascript学习/webworker/node_modules as its parent node_modules
514 verbose linkBins bindings@1.5.0
515 verbose linkMans bindings@1.5.0
516 silly build nan@2.14.0
517 info linkStuff nan@2.14.0
518 silly linkStuff nan@2.14.0 has /Users/lifan/secondself/javascript学习/webworker/node_modules as its parent node_modules
519 verbose linkBins nan@2.14.0
520 verbose linkMans nan@2.14.0
521 silly build webworker-threads@0.7.17
522 info linkStuff webworker-threads@0.7.17
523 silly linkStuff webworker-threads@0.7.17 has /Users/lifan/secondself/javascript学习/webworker/node_modules as its parent node_modules
524 verbose linkBins webworker-threads@0.7.17
525 verbose linkMans webworker-threads@0.7.17
526 silly doSerial global-link 0
527 silly doParallel update-linked 0
528 silly doSerial install 4
529 silly install file-uri-to-path@1.0.0 /Users/lifan/secondself/javascript学习/webworker/node_modules/.staging/file-uri-to-path-b5bd3e87
530 info lifecycle file-uri-to-path@1.0.0~install: file-uri-to-path@1.0.0
531 silly lifecycle file-uri-to-path@1.0.0~install: no script for install, continuing
532 silly install bindings@1.5.0 /Users/lifan/secondself/javascript学习/webworker/node_modules/.staging/bindings-47ce8696
533 info lifecycle bindings@1.5.0~install: bindings@1.5.0
534 silly lifecycle bindings@1.5.0~install: no script for install, continuing
535 silly install nan@2.14.0 /Users/lifan/secondself/javascript学习/webworker/node_modules/.staging/nan-84e52463
536 info lifecycle nan@2.14.0~install: nan@2.14.0
537 silly lifecycle nan@2.14.0~install: no script for install, continuing
538 silly install webworker-threads@0.7.17 /Users/lifan/secondself/javascript学习/webworker/node_modules/.staging/webworker-threads-775af543
539 info lifecycle webworker-threads@0.7.17~install: webworker-threads@0.7.17
540 verbose lifecycle webworker-threads@0.7.17~install: unsafe-perm in lifecycle true
541 verbose lifecycle webworker-threads@0.7.17~install: PATH: /Users/lifan/.nvm/versions/node/v6.9.5/lib/node_modules/npm/bin/node-gyp-bin:/Users/lifan/secondself/javascript学习/webworker/node_modules/webworker-threads/node_modules/.bin:/Users/lifan/secondself/javascript学习/webworker/node_modules/.bin:/Users/lifan/.nvm/versions/node/v6.9.5/bin:/usr/local/bin:/usr/bin:/bin:/usr/sbin:/sbin:/Users/lifan/.nvm/versions/node/v6.9.5/bin
542 verbose lifecycle webworker-threads@0.7.17~install: CWD: /Users/lifan/secondself/javascript学习/webworker/node_modules/webworker-threads
543 silly lifecycle webworker-threads@0.7.17~install: Args: [ '-c', 'node-gyp rebuild' ]
544 silly lifecycle webworker-threads@0.7.17~install: Returned: code: 1  signal: null
545 info lifecycle webworker-threads@0.7.17~install: Failed to exec install script
546 verbose unlock done using /Users/lifan/.npm/_locks/staging-04ff02013cb33502.lock for /Users/lifan/secondself/javascript学习/webworker/node_modules/.staging
547 silly rollbackFailedOptional Starting
548 silly rollbackFailedOptional Finishing
549 silly runTopLevelLifecycles Finishing
550 silly install printInstalled
551 warn enoent ENOENT: no such file or directory, open '/Users/lifan/secondself/javascript学习/webworker/package.json'
552 verbose enoent ENOENT: no such file or directory, open '/Users/lifan/secondself/javascript学习/webworker/package.json'
552 verbose enoent This is most likely not a problem with npm itself
552 verbose enoent and is related to npm not being able to find a file.
553 warn webworker No description
554 verbose If you need help, you may report this error at:
554 verbose     <https://github.com/npm/npm/issues>
555 warn webworker No repository field.
556 verbose If you need help, you may report this error at:
556 verbose     <https://github.com/npm/npm/issues>
557 warn webworker No README data
558 verbose If you need help, you may report this error at:
558 verbose     <https://github.com/npm/npm/issues>
559 warn webworker No license field.
560 verbose If you need help, you may report this error at:
560 verbose     <https://github.com/npm/npm/issues>
561 verbose stack Error: webworker-threads@0.7.17 install: `node-gyp rebuild`
561 verbose stack Exit status 1
561 verbose stack     at EventEmitter.<anonymous> (/Users/lifan/.nvm/versions/node/v6.9.5/lib/node_modules/npm/lib/utils/lifecycle.js:255:16)
561 verbose stack     at emitTwo (events.js:106:13)
561 verbose stack     at EventEmitter.emit (events.js:191:7)
561 verbose stack     at ChildProcess.<anonymous> (/Users/lifan/.nvm/versions/node/v6.9.5/lib/node_modules/npm/lib/utils/spawn.js:40:14)
561 verbose stack     at emitTwo (events.js:106:13)
561 verbose stack     at ChildProcess.emit (events.js:191:7)
561 verbose stack     at maybeClose (internal/child_process.js:877:16)
561 verbose stack     at Process.ChildProcess._handle.onexit (internal/child_process.js:226:5)
562 verbose pkgid webworker-threads@0.7.17
563 verbose cwd /Users/lifan/secondself/javascript学习/webworker
564 error Darwin 17.7.0
565 error argv "/Users/lifan/.nvm/versions/node/v6.9.5/bin/node" "/Users/lifan/.nvm/versions/node/v6.9.5/bin/npm" "install" "webworker-threads"
566 error node v6.9.5
567 error npm  v3.10.10
568 error code ELIFECYCLE
569 error webworker-threads@0.7.17 install: `node-gyp rebuild`
569 error Exit status 1
570 error Failed at the webworker-threads@0.7.17 install script 'node-gyp rebuild'.
570 error Make sure you have the latest version of node.js and npm installed.
570 error If you do, this is most likely a problem with the webworker-threads package,
570 error not with npm itself.
570 error Tell the author that this fails on your system:
570 error     node-gyp rebuild
570 error You can get information on how to open an issue for this project with:
570 error     npm bugs webworker-threads
570 error Or if that isn't available, you can get their info via:
570 error     npm owner ls webworker-threads
570 error There is likely additional logging output above.
571 verbose exit [ 1, true ]
